TN:
SF:D:\Projects\delk\javascript\pdf-annotate-release.js\src\PDFJSAnnotate.js
FN:23,_interopRequireDefault
FN:47,getStoreAdapter
FN:57,setStoreAdapter
FN:91,getAnnotations
FNF:4
FNH:4
FNDA:48,_interopRequireDefault
FNDA:29,getStoreAdapter
FNDA:4,setStoreAdapter
FNDA:2,getAnnotations
DA:3,12
DA:7,12
DA:9,12
DA:11,12
DA:13,12
DA:15,12
DA:17,12
DA:19,12
DA:21,12
DA:23,48
DA:25,12
DA:48,29
DA:63,4
DA:92,2
DA:94,2
LF:15
LH:15
BRDA:23,1,0,48
BRDA:23,1,1,0
BRDA:23,2,0,48
BRDA:23,2,1,48
BRF:4
BRH:3
end_of_record
TN:
SF:D:\Projects\delk\javascript\pdf-annotate-release.js\src\adapter\StoreAdapter.js
FN:7,(anonymous_1)
FN:7,defineProperties
FN:7,(anonymous_3)
FN:15,_interopRequireDefault
FN:17,_classCallCheck
FN:20,(anonymous_6)
FN:26,StoreAdapter
FN:34,(anonymous_8)
FN:52,__getAnnotations
FN:66,getAnnotation
FN:81,__addAnnotation
FN:96,__editAnnotation
FN:110,__deleteAnnotation
FN:124,getComments
FN:139,__addComment
FN:153,__deleteComment
FN:158,get
FN:161,set
FN:162,getAnnotations
FN:163,(anonymous_20)
FN:166,(anonymous_21)
FN:176,get
FN:179,set
FN:180,addAnnotation
FN:181,(anonymous_25)
FN:189,get
FN:192,set
FN:193,editAnnotation
FN:194,(anonymous_29)
FN:202,get
FN:205,set
FN:206,deleteAnnotation
FN:207,(anonymous_33)
FN:217,get
FN:220,set
FN:221,addComment
FN:222,(anonymous_37)
FN:230,get
FN:233,set
FN:234,deleteComment
FN:235,(anonymous_41)
FNF:41
FNH:41
FNDA:13,(anonymous_1)
FNDA:13,defineProperties
FNDA:13,(anonymous_3)
FNDA:13,_interopRequireDefault
FNDA:27,_classCallCheck
FNDA:13,(anonymous_6)
FNDA:27,StoreAdapter
FNDA:42,(anonymous_8)
FNDA:7,__getAnnotations
FNDA:1,getAnnotation
FNDA:1,__addAnnotation
FNDA:1,__editAnnotation
FNDA:1,__deleteAnnotation
FNDA:1,getComments
FNDA:1,__addComment
FNDA:1,__deleteComment
FNDA:18,get
FNDA:10,set
FNDA:3,getAnnotations
FNDA:3,(anonymous_20)
FNDA:2,(anonymous_21)
FNDA:15,get
FNDA:17,set
FNDA:5,addAnnotation
FNDA:5,(anonymous_25)
FNDA:11,get
FNDA:16,set
FNDA:4,editAnnotation
FNDA:4,(anonymous_29)
FNDA:9,get
FNDA:16,set
FNDA:2,deleteAnnotation
FNDA:2,(anonymous_33)
FNDA:9,get
FNDA:8,set
FNDA:2,addComment
FNDA:2,(anonymous_37)
FNDA:7,get
FNDA:5,set
FNDA:1,deleteComment
FNDA:1,(anonymous_41)
DA:3,13
DA:7,182
DA:9,13
DA:11,13
DA:13,13
DA:15,13
DA:17,27
DA:20,13
DA:26,1
DA:27,27
DA:29,27
DA:31,27
DA:34,27
DA:35,42
DA:36,42
DA:50,13
DA:53,7
DA:67,1
DA:82,1
DA:97,1
DA:111,1
DA:125,1
DA:140,1
DA:154,1
DA:159,18
DA:162,10
DA:163,3
DA:165,3
DA:166,3
DA:167,2
DA:170,3
DA:177,15
DA:180,17
DA:181,5
DA:182,5
DA:183,2
DA:190,11
DA:193,16
DA:194,4
DA:195,4
DA:196,1
DA:203,9
DA:206,16
DA:207,2
DA:208,2
DA:209,2
DA:211,2
DA:218,9
DA:221,8
DA:222,2
DA:223,2
DA:224,2
DA:231,7
DA:234,5
DA:235,1
DA:236,1
DA:237,1
DA:239,1
DA:245,13
DA:248,13
LF:60
LH:60
BRDA:7,1,0,182
BRDA:7,1,1,182
BRDA:7,2,0,104
BRDA:7,2,1,78
BRDA:7,3,0,13
BRDA:7,3,1,0
BRDA:7,4,0,0
BRDA:7,4,1,13
BRDA:15,5,0,13
BRDA:15,5,1,0
BRDA:15,6,0,13
BRDA:15,6,1,13
BRDA:17,7,0,0
BRDA:17,7,1,27
BRDA:29,8,0,20
BRDA:29,8,1,7
BRDA:29,9,0,27
BRDA:29,9,1,7
BRDA:35,10,0,42
BRDA:35,10,1,0
BRDA:35,11,0,42
BRDA:35,11,1,42
BRDA:165,12,0,3
BRDA:165,12,1,0
BRDA:208,13,0,2
BRDA:208,13,1,0
BRDA:236,14,0,1
BRDA:236,14,1,0
BRF:28
BRH:20
end_of_record
TN:
SF:D:\Projects\delk\javascript\pdf-annotate-release.js\src\utils\abstractFunction.js
FN:12,abstractFunction
FNF:1
FNH:1
FNDA:15,abstractFunction
DA:3,14
DA:6,14
DA:12,1
DA:13,15
LF:4
LH:4
BRF:0
BRH:0
end_of_record
TN:
SF:D:\Projects\delk\javascript\pdf-annotate-release.js\src\UI\event.js
FN:16,_interopRequireDefault
FN:27,handleDocumentClick
FN:64,fireEvent
FN:67,addEventListener
FN:70,removeEventListener
FNF:5
FNH:5
FNDA:14,_interopRequireDefault
FNDA:252,handleDocumentClick
FNDA:14,fireEvent
FNDA:81,addEventListener
FNDA:42,removeEventListener
DA:3,14
DA:6,14
DA:7,14
DA:8,14
DA:10,14
DA:12,14
DA:14,14
DA:16,14
DA:18,14
DA:20,14
DA:27,14
DA:28,252
DA:29,0
DA:32,252
DA:35,252
DA:36,182
DA:40,252
DA:41,182
DA:44,252
DA:64,1
DA:65,14
DA:67,1
DA:68,81
DA:70,1
DA:71,42
LF:25
LH:24
BRDA:16,1,0,0
BRDA:16,1,1,14
BRDA:16,2,0,14
BRDA:16,2,1,14
BRDA:28,3,0,0
BRDA:28,3,1,252
BRDA:35,4,0,182
BRDA:35,4,1,70
BRDA:35,5,0,252
BRDA:35,5,1,182
BRDA:40,6,0,182
BRDA:40,6,1,70
BRF:12
BRH:10
end_of_record
TN:
SF:D:\Projects\delk\javascript\pdf-annotate-release.js\src\UI\utils.js
FN:25,_interopRequireDefault
FN:45,findSVGContainer
FN:64,findSVGAtPoint
FN:87,findAnnotationAtPoint
FN:113,pointIntersectsRect
FN:123,getOffsetAnnotationRect
FN:145,getAnnotationRect
FN:154,(anonymous_8)
FN:162,(anonymous_9)
FN:163,(anonymous_10)
FN:262,scaleUp
FN:270,(anonymous_12)
FN:284,scaleDown
FN:292,(anonymous_14)
FN:305,getScroll
FN:324,getOffset
FN:341,disableUserSelect
FN:350,enableUserSelect
FN:361,getMetadata
FNF:19
FNH:19
FNDA:15,_interopRequireDefault
FNDA:10,findSVGContainer
FNDA:732,findSVGAtPoint
FNDA:256,findAnnotationAtPoint
FNDA:1125,pointIntersectsRect
FNDA:256,getOffsetAnnotationRect
FNDA:271,getAnnotationRect
FNDA:271,(anonymous_8)
FNDA:73,(anonymous_9)
FNDA:348,(anonymous_10)
FNDA:285,scaleUp
FNDA:1338,(anonymous_12)
FNDA:303,scaleDown
FNDA:320,(anonymous_14)
FNDA:1,getScroll
FNDA:318,getOffset
FNDA:8,disableUserSelect
FNDA:46,enableUserSelect
FNDA:597,getMetadata
DA:3,15
DA:6,15
DA:7,15
DA:8,15
DA:9,15
DA:10,15
DA:11,15
DA:12,15
DA:13,15
DA:14,15
DA:15,15
DA:16,15
DA:17,15
DA:18,15
DA:19,15
DA:21,15
DA:23,15
DA:25,15
DA:27,15
DA:29,15
DA:37,15
DA:45,1
DA:46,10
DA:48,10
DA:49,10
DA:50,10
DA:54,0
DA:64,1
DA:65,732
DA:67,732
DA:68,732
DA:69,732
DA:71,732
DA:73,730
DA:77,2
DA:87,1
DA:88,256
DA:89,256
DA:90,0
DA:92,256
DA:95,256
DA:96,256
DA:97,256
DA:98,184
DA:102,72
DA:113,1
DA:114,1125
DA:123,1
DA:124,256
DA:126,256
DA:128,256
DA:129,256
DA:131,256
DA:145,1
DA:146,271
DA:150,271
DA:152,271
DA:154,271
DA:155,271
DA:157,17
DA:162,17
DA:163,73
DA:164,348
DA:167,73
DA:168,17
DA:170,73
DA:171,72
DA:173,73
DA:174,21
DA:176,73
DA:177,65
DA:181,17
DA:182,17
DA:183,17
DA:184,17
DA:185,17
DA:188,1
DA:189,1
DA:190,1
DA:191,1
DA:193,1
DA:194,1
DA:195,1
DA:197,1
DA:200,191
DA:201,191
DA:202,191
DA:203,191
DA:204,191
DA:207,61
DA:209,61
DA:210,61
DA:212,61
DA:213,61
DA:214,61
DA:215,61
DA:217,61
DA:218,15
DA:219,15
DA:221,61
DA:225,1
DA:226,1
DA:227,1
DA:228,1
DA:229,1
DA:235,271
DA:248,271
DA:249,210
DA:252,271
DA:262,1
DA:263,285
DA:265,285
DA:267,285
DA:270,285
DA:271,1338
DA:274,285
DA:284,1
DA:285,303
DA:287,303
DA:289,303
DA:292,303
DA:293,320
DA:296,303
DA:305,1
DA:306,1
DA:307,1
DA:308,1
DA:310,1
DA:311,4
DA:312,4
DA:315,1
DA:324,1
DA:325,318
DA:327,318
DA:328,318
DA:329,318
DA:333,318
DA:335,318
DA:341,1
DA:342,8
DA:343,8
DA:350,1
DA:351,46
DA:352,8
DA:361,1
DA:362,597
LF:146
LH:144
BRDA:25,1,0,0
BRDA:25,1,1,15
BRDA:25,2,0,15
BRDA:25,2,1,15
BRDA:48,3,0,10
BRDA:48,3,1,10
BRDA:49,4,0,10
BRDA:49,4,1,0
BRDA:49,5,0,10
BRDA:49,5,1,10
BRDA:71,6,0,730
BRDA:71,6,1,2
BRDA:89,7,0,0
BRDA:89,7,1,256
BRDA:97,8,0,184
BRDA:97,8,1,72
BRDA:114,9,0,1125
BRDA:114,9,1,959
BRDA:114,9,2,940
BRDA:114,9,3,934
BRDA:155,10,0,17
BRDA:155,10,1,1
BRDA:155,10,2,191
BRDA:155,10,3,61
BRDA:155,10,4,1
BRDA:155,10,5,1
BRDA:167,11,0,17
BRDA:167,11,1,56
BRDA:167,12,0,73
BRDA:167,12,1,56
BRDA:170,13,0,72
BRDA:170,13,1,1
BRDA:170,14,0,73
BRDA:170,14,1,56
BRDA:173,15,0,21
BRDA:173,15,1,52
BRDA:173,16,0,73
BRDA:173,16,1,56
BRDA:176,17,0,65
BRDA:176,17,1,8
BRDA:176,18,0,73
BRDA:176,18,1,56
BRDA:193,19,0,1
BRDA:193,19,1,0
BRDA:217,20,0,15
BRDA:217,20,1,46
BRDA:248,21,0,210
BRDA:248,21,1,61
BRDA:310,22,0,5
BRDA:310,22,1,5
BRDA:327,23,0,318
BRDA:327,23,1,318
BRDA:328,24,0,318
BRDA:328,24,1,0
BRDA:342,25,0,8
BRDA:342,25,1,0
BRDA:351,26,0,8
BRDA:351,26,1,38
BRF:58
BRH:52
end_of_record
TN:
SF:D:\Projects\delk\javascript\pdf-annotate-release.js\src\adapter\LocalStoreAdapter.js
FN:15,_interopRequireDefault
FN:17,_classCallCheck
FN:19,_possibleConstructorReturn
FN:21,_inherits
FN:25,(anonymous_5)
FN:28,LocalStoreAdapter
FN:32,getAnnotations
FN:33,(anonymous_8)
FN:34,(anonymous_9)
FN:45,getAnnotation
FN:48,addAnnotation
FN:49,(anonymous_12)
FN:61,editAnnotation
FN:62,(anonymous_14)
FN:70,deleteAnnotation
FN:71,(anonymous_16)
FN:82,getComments
FN:83,(anonymous_18)
FN:84,(anonymous_19)
FN:89,addComment
FN:90,(anonymous_21)
FN:105,deleteComment
FN:106,(anonymous_23)
FN:134,_getAnnotations
FN:138,updateAnnotations
FN:142,findAnnotation
FNF:26
FNH:19
FNDA:26,_interopRequireDefault
FNDA:5,_classCallCheck
FNDA:5,_possibleConstructorReturn
FNDA:13,_inherits
FNDA:13,(anonymous_5)
FNDA:5,LocalStoreAdapter
FNDA:0,getAnnotations
FNDA:0,(anonymous_8)
FNDA:0,(anonymous_9)
FNDA:0,getAnnotation
FNDA:1,addAnnotation
FNDA:1,(anonymous_12)
FNDA:1,editAnnotation
FNDA:1,(anonymous_14)
FNDA:1,deleteAnnotation
FNDA:1,(anonymous_16)
FNDA:0,getComments
FNDA:0,(anonymous_18)
FNDA:0,(anonymous_19)
FNDA:1,addComment
FNDA:1,(anonymous_21)
FNDA:1,deleteComment
FNDA:1,(anonymous_23)
FNDA:7,_getAnnotations
FNDA:3,updateAnnotations
FNDA:2,findAnnotation
DA:3,13
DA:7,13
DA:9,13
DA:11,13
DA:13,13
DA:15,26
DA:17,5
DA:19,5
DA:21,13
DA:25,13
DA:26,13
DA:28,1
DA:29,5
DA:31,5
DA:33,0
DA:34,0
DA:35,0
DA:38,0
DA:46,0
DA:49,1
DA:50,1
DA:51,1
DA:52,1
DA:54,1
DA:55,1
DA:56,1
DA:58,1
DA:62,1
DA:63,1
DA:64,1
DA:65,1
DA:67,1
DA:71,1
DA:72,1
DA:73,1
DA:74,0
DA:75,0
DA:76,0
DA:79,1
DA:83,0
DA:84,0
DA:85,0
DA:90,1
DA:91,1
DA:98,1
DA:99,1
DA:100,1
DA:102,1
DA:106,1
DA:107,1
DA:108,1
DA:109,1
DA:110,1
DA:111,2
DA:112,0
DA:113,0
DA:117,1
DA:118,0
DA:119,0
DA:122,1
DA:128,13
DA:131,13
DA:134,1
DA:135,7
DA:138,1
DA:139,3
DA:142,1
DA:143,2
DA:144,2
DA:145,2
DA:146,2
DA:147,0
DA:148,0
DA:151,2
LF:74
LH:57
BRDA:15,1,0,26
BRDA:15,1,1,0
BRDA:15,2,0,26
BRDA:15,2,1,26
BRDA:17,3,0,0
BRDA:17,3,1,5
BRDA:19,4,0,0
BRDA:19,4,1,5
BRDA:19,5,0,0
BRDA:19,5,1,5
BRDA:19,6,0,5
BRDA:19,6,1,0
BRDA:19,6,2,0
BRDA:21,7,0,0
BRDA:21,7,1,13
BRDA:21,8,0,13
BRDA:21,8,1,0
BRDA:21,9,0,13
BRDA:21,9,1,13
BRDA:21,10,0,13
BRDA:21,10,1,0
BRDA:21,11,0,13
BRDA:21,11,1,0
BRDA:35,12,0,0
BRDA:35,12,1,0
BRDA:73,13,0,0
BRDA:73,13,1,1
BRDA:85,14,0,0
BRDA:85,14,1,0
BRDA:111,15,0,0
BRDA:111,15,1,2
BRDA:117,16,0,0
BRDA:117,16,1,1
BRDA:135,17,0,7
BRDA:135,17,1,1
BRDA:146,18,0,0
BRDA:146,18,1,2
BRF:37
BRH:19
end_of_record
TN:
SF:D:\Projects\delk\javascript\pdf-annotate-release.js\src\utils\uuid.js
FN:10,replacement
FN:21,uuid
FNF:2
FNH:2
FNDA:2170,replacement
FNDA:70,uuid
DA:3,16
DA:6,16
DA:7,16
DA:8,16
DA:10,1
DA:11,2170
DA:12,2170
DA:13,2170
DA:21,1
DA:22,70
LF:10
LH:10
BRDA:12,1,0,2100
BRDA:12,1,1,70
BRF:2
BRH:2
end_of_record
TN:
SF:D:\Projects\delk\javascript\pdf-annotate-release.js\src\render\index.js
FN:20,_interopRequireDefault
FN:33,render
FN:34,(anonymous_3)
FN:56,(anonymous_4)
FNF:4
FNH:4
FNDA:36,_interopRequireDefault
FNDA:8,render
FNDA:8,(anonymous_3)
FNDA:3,(anonymous_4)
DA:3,12
DA:6,12
DA:8,12
DA:10,12
DA:12,12
DA:14,12
DA:16,12
DA:18,12
DA:20,36
DA:33,1
DA:34,8
DA:36,8
DA:37,8
DA:38,8
DA:39,8
DA:40,8
DA:43,8
DA:44,2
DA:47,6
DA:48,6
DA:51,6
DA:52,4
DA:56,2
DA:57,3
DA:60,2
LF:25
LH:25
BRDA:20,1,0,36
BRDA:20,1,1,0
BRDA:20,2,0,36
BRDA:20,2,1,36
BRDA:43,3,0,2
BRDA:43,3,1,6
BRDA:51,4,0,4
BRDA:51,4,1,2
BRDA:51,5,0,6
BRDA:51,5,1,5
BRF:10
BRH:9
end_of_record
TN:
SF:D:\Projects\delk\javascript\pdf-annotate-release.js\src\render\appendChild.js
FN:32,_interopRequireDefault
FN:43,getTranslation
FN:77,transform
FN:96,(anonymous_4)
FN:136,appendChild
FNF:5
FNH:4
FNDA:78,_interopRequireDefault
FNDA:21,getTranslation
FNDA:21,transform
FNDA:0,(anonymous_4)
FNDA:23,appendChild
DA:3,13
DA:6,13
DA:8,13
DA:10,13
DA:12,13
DA:14,13
DA:16,13
DA:18,13
DA:20,13
DA:22,13
DA:24,13
DA:26,13
DA:28,13
DA:30,13
DA:32,78
DA:34,13
DA:43,1
DA:44,21
DA:45,21
DA:49,21
DA:51,17
DA:52,17
DA:54,1
DA:55,1
DA:56,1
DA:58,2
DA:59,2
DA:60,2
DA:62,1
DA:63,1
DA:64,1
DA:67,21
DA:77,1
DA:78,21
DA:81,21
DA:84,21
DA:85,0
DA:86,0
DA:88,0
DA:89,0
DA:90,0
DA:91,0
DA:92,0
DA:93,0
DA:96,0
DA:97,0
DA:98,0
DA:102,0
DA:104,0
DA:106,0
DA:107,0
DA:108,0
DA:109,0
DA:110,0
DA:112,0
DA:113,0
DA:114,0
DA:115,0
DA:117,0
DA:118,0
DA:119,0
DA:120,0
DA:121,0
DA:125,21
DA:136,1
DA:137,23
DA:138,4
DA:141,23
DA:142,23
DA:145,3
DA:146,3
DA:148,1
DA:149,1
DA:151,14
DA:152,14
DA:154,1
DA:155,1
DA:157,2
DA:158,2
DA:163,23
DA:165,21
DA:166,21
DA:167,21
DA:169,21
DA:172,23
LF:85
LH:58
BRDA:32,1,0,65
BRDA:32,1,1,13
BRDA:32,2,0,78
BRDA:32,2,1,78
BRDA:49,3,0,17
BRDA:49,3,1,1
BRDA:49,3,2,2
BRDA:49,3,3,1
BRDA:84,4,0,0
BRDA:84,4,1,21
BRDA:84,5,0,21
BRDA:84,5,1,0
BRDA:104,6,0,0
BRDA:104,6,1,0
BRDA:104,6,2,0
BRDA:137,7,0,4
BRDA:137,7,1,19
BRDA:142,8,0,2
BRDA:142,8,1,3
BRDA:142,8,2,1
BRDA:142,8,3,14
BRDA:142,8,4,1
BRDA:142,8,5,2
BRDA:163,9,0,21
BRDA:163,9,1,2
BRF:25
BRH:20
end_of_record
TN:
SF:D:\Projects\delk\javascript\pdf-annotate-release.js\src\render\renderLine.js
FN:16,_interopRequireDefault
FN:25,renderLine
FN:32,(anonymous_3)
FNF:3
FNH:3
FNDA:30,_interopRequireDefault
FNDA:14,renderLine
FNDA:15,(anonymous_3)
DA:3,15
DA:6,15
DA:8,15
DA:10,15
DA:12,15
DA:14,15
DA:16,30
DA:25,1
DA:26,14
DA:27,14
DA:32,14
DA:33,15
DA:35,15
DA:42,15
DA:45,14
LF:15
LH:15
BRDA:16,1,0,30
BRDA:16,1,1,0
BRDA:16,2,0,30
BRDA:16,2,1,30
BRDA:28,3,0,14
BRDA:28,3,1,13
BRF:6
BRH:5
end_of_record
TN:
SF:D:\Projects\delk\javascript\pdf-annotate-release.js\src\utils\setAttributes.js
FN:12,keyCase
FN:14,(anonymous_2)
FN:27,setAttributes
FN:28,(anonymous_4)
FNF:4
FNH:4
FNDA:655,keyCase
FNDA:92,(anonymous_2)
FNDA:178,setAttributes
FNDA:655,(anonymous_4)
DA:3,21
DA:6,21
DA:7,21
DA:10,21
DA:12,21
DA:13,655
DA:14,639
DA:15,92
DA:18,655
DA:27,1
DA:28,178
DA:29,655
LF:12
LH:12
BRDA:13,1,0,639
BRDA:13,1,1,16
BRF:2
BRH:2
end_of_record
TN:
SF:D:\Projects\delk\javascript\pdf-annotate-release.js\src\utils\normalizeColor.js
FN:15,normalizeColor
FNF:1
FNH:1
FNDA:84,normalizeColor
DA:3,20
DA:6,20
DA:7,20
DA:15,1
DA:16,84
DA:17,51
DA:19,84
LF:7
LH:7
BRDA:16,1,0,51
BRDA:16,1,1,33
BRF:2
BRH:2
end_of_record
TN:
SF:D:\Projects\delk\javascript\pdf-annotate-release.js\src\render\renderPath.js
FN:16,_interopRequireDefault
FN:25,renderPath
FNF:2
FNH:2
FNDA:30,_interopRequireDefault
FNDA:15,renderPath
DA:3,15
DA:6,15
DA:8,15
DA:10,15
DA:12,15
DA:14,15
DA:16,30
DA:25,1
DA:26,15
DA:27,15
DA:29,15
DA:30,70
DA:31,70
DA:32,70
DA:33,55
DA:37,15
DA:44,15
LF:17
LH:17
BRDA:16,1,0,30
BRDA:16,1,1,0
BRDA:16,2,0,30
BRDA:16,2,1,30
BRDA:32,3,0,55
BRDA:32,3,1,15
BRDA:39,4,0,15
BRDA:39,4,1,3
BRDA:40,5,0,15
BRDA:40,5,1,2
BRF:10
BRH:9
end_of_record
TN:
SF:D:\Projects\delk\javascript\pdf-annotate-release.js\src\render\renderPoint.js
FN:12,_interopRequireDefault
FN:24,renderPoint
FNF:2
FNH:2
FNDA:14,_interopRequireDefault
FNDA:15,renderPoint
DA:3,14
DA:6,14
DA:8,14
DA:10,14
DA:12,14
DA:14,14
DA:15,14
DA:24,1
DA:25,15
DA:26,15
DA:27,15
DA:28,15
DA:30,15
DA:37,15
DA:45,15
DA:52,15
DA:59,15
DA:60,15
DA:61,15
DA:63,15
LF:20
LH:20
BRDA:12,1,0,14
BRDA:12,1,1,0
BRDA:12,2,0,14
BRDA:12,2,1,14
BRF:4
BRH:3
end_of_record
TN:
SF:D:\Projects\delk\javascript\pdf-annotate-release.js\src\render\renderRect.js
FN:7,(anonymous_1)
FN:7,(anonymous_2)
FN:19,_interopRequireDefault
FN:28,renderRect
FN:30,(anonymous_5)
FN:37,(anonymous_6)
FN:58,createRect
FNF:7
FNH:6
FNDA:15,(anonymous_1)
FNDA:0,(anonymous_2)
FNDA:30,_interopRequireDefault
FNDA:18,renderRect
FNDA:15,(anonymous_5)
FNDA:18,(anonymous_6)
FNDA:21,createRect
DA:3,15
DA:7,15
DA:9,15
DA:11,15
DA:13,15
DA:15,15
DA:17,15
DA:19,30
DA:28,1
DA:29,18
DA:30,15
DA:31,15
DA:32,15
DA:37,15
DA:38,18
DA:41,15
DA:46,15
DA:48,3
DA:49,3
DA:54,3
DA:58,1
DA:59,21
DA:61,21
DA:68,21
LF:24
LH:24
BRDA:7,1,0,15
BRDA:7,1,1,0
BRDA:7,2,0,15
BRDA:7,2,1,15
BRDA:7,3,0,0
BRDA:7,3,1,0
BRDA:7,4,0,0
BRDA:7,4,1,0
BRDA:7,4,2,0
BRDA:19,5,0,30
BRDA:19,5,1,0
BRDA:19,6,0,30
BRDA:19,6,1,30
BRDA:29,7,0,15
BRDA:29,7,1,3
BRDA:33,8,0,15
BRDA:33,8,1,11
BRDA:46,9,0,15
BRDA:46,9,1,0
BRDA:46,10,0,0
BRDA:46,10,1,15
BRDA:50,11,0,3
BRDA:50,11,1,3
BRF:23
BRH:14
end_of_record
TN:
SF:D:\Projects\delk\javascript\pdf-annotate-release.js\src\render\renderText.js
FN:16,_interopRequireDefault
FN:25,renderText
FNF:2
FNH:2
FNDA:32,_interopRequireDefault
FNDA:32,renderText
DA:3,16
DA:6,16
DA:8,16
DA:10,16
DA:12,16
DA:14,16
DA:16,32
DA:25,1
DA:26,32
DA:28,32
DA:34,32
DA:36,32
LF:12
LH:12
BRDA:16,1,0,32
BRDA:16,1,1,0
BRDA:16,2,0,32
BRDA:16,2,1,32
BRDA:31,3,0,32
BRDA:31,3,1,0
BRF:6
BRH:4
end_of_record
TN:
SF:D:\Projects\delk\javascript\pdf-annotate-release.js\src\a11y\renderScreenReaderHints.js
FN:16,_interopRequireDefault
FN:26,renderScreenReaderHints
FN:30,(anonymous_3)
FN:32,(anonymous_4)
FN:34,(anonymous_5)
FN:43,sortByPoint
FN:52,sortByRectPoint
FN:57,sortByLinePoint
FNF:8
FNH:8
FNDA:24,_interopRequireDefault
FNDA:13,renderScreenReaderHints
FNDA:78,(anonymous_3)
FNDA:72,(anonymous_4)
FNDA:12,(anonymous_5)
FNDA:3,sortByPoint
FNDA:1,sortByRectPoint
FNDA:1,sortByLinePoint
DA:3,12
DA:6,12
DA:8,12
DA:10,12
DA:12,12
DA:14,12
DA:16,24
DA:19,12
DA:26,1
DA:27,13
DA:30,13
DA:31,78
DA:32,78
DA:33,72
DA:35,12
DA:43,1
DA:44,3
DA:45,0
DA:47,3
DA:52,1
DA:53,1
DA:57,1
DA:58,1
DA:59,1
DA:60,1
DA:64,12
LF:26
LH:25
BRDA:16,1,0,24
BRDA:16,1,1,0
BRDA:16,2,0,24
BRDA:16,2,1,24
BRDA:27,3,0,11
BRDA:27,3,1,2
BRDA:44,4,0,0
BRDA:44,4,1,3
BRF:8
BRH:6
end_of_record
TN:
SF:D:\Projects\delk\javascript\pdf-annotate-release.js\src\a11y\insertScreenReaderHint.js
FN:24,_interopRequireDefault
FN:35,insertScreenReaderHint
FNF:2
FNH:2
FNDA:48,_interopRequireDefault
FNDA:12,insertScreenReaderHint
DA:3,12
DA:6,12
DA:8,12
DA:10,12
DA:12,12
DA:14,12
DA:16,12
DA:18,12
DA:20,12
DA:22,12
DA:24,48
DA:27,12
DA:35,1
DA:36,12
DA:38,12
DA:41,4
DA:42,4
DA:43,4
DA:45,4
DA:47,4
DA:48,4
DA:52,4
DA:54,4
DA:55,4
DA:59,4
DA:60,4
DA:62,4
DA:63,4
DA:67,12
DA:68,7
LF:30
LH:30
BRDA:24,1,0,48
BRDA:24,1,1,0
BRDA:24,2,0,48
BRDA:24,2,1,48
BRDA:36,3,0,0
BRDA:36,3,1,12
BRDA:36,4,0,12
BRDA:36,4,1,12
BRDA:38,5,0,3
BRDA:38,5,1,4
BRDA:38,5,2,1
BRDA:38,5,3,4
BRDA:38,5,4,3
BRDA:38,5,5,4
BRDA:52,6,0,1
BRDA:52,6,1,3
BRDA:59,7,0,1
BRDA:59,7,1,3
BRDA:60,8,0,1
BRDA:60,8,1,3
BRDA:67,9,0,7
BRDA:67,9,1,5
BRF:22
BRH:20
end_of_record
TN:
SF:D:\Projects\delk\javascript\pdf-annotate-release.js\src\a11y\createScreenReaderOnly.js
FN:14,createScreenReaderOnly
FNF:1
FNH:1
FNDA:19,createScreenReaderOnly
DA:3,13
DA:6,13
DA:14,1
DA:15,19
DA:16,19
DA:17,19
DA:18,19
DA:19,19
DA:20,19
DA:21,19
DA:22,19
DA:23,19
DA:24,19
DA:25,19
LF:14
LH:14
BRF:0
BRH:0
end_of_record
TN:
SF:D:\Projects\delk\javascript\pdf-annotate-release.js\src\a11y\insertElementWithinChildren.js
FN:14,_interopRequireDefault
FN:16,_toConsumableArray
FN:29,insertElementWithinChildren
FNF:3
FNH:3
FNDA:12,_interopRequireDefault
FNDA:12,_toConsumableArray
FNDA:13,insertElementWithinChildren
DA:3,12
DA:6,12
DA:8,12
DA:10,12
DA:12,12
DA:14,12
DA:16,12
DA:29,1
DA:31,13
DA:32,1
DA:36,12
DA:37,12
DA:38,12
DA:40,12
DA:41,12
DA:44,12
DA:45,26
DA:46,26
DA:47,26
DA:48,10
DA:49,10
DA:54,2
DA:55,2
DA:56,2
DA:57,2
DA:58,1
DA:59,1
DA:63,1
LF:28
LH:28
BRDA:14,1,0,12
BRDA:14,1,1,0
BRDA:14,2,0,12
BRDA:14,2,1,12
BRDA:16,3,0,0
BRDA:16,3,1,12
BRDA:31,4,0,1
BRDA:31,4,1,12
BRDA:47,5,0,10
BRDA:47,5,1,16
BRDA:55,6,0,2
BRDA:55,6,1,0
BRDA:57,7,0,1
BRDA:57,7,1,1
BRF:14
BRH:11
end_of_record
TN:
SF:D:\Projects\delk\javascript\pdf-annotate-release.js\src\a11y\insertElementWithinElement.js
FN:10,_toConsumableArray
FN:23,insertElementWithinElement
FN:89,textLayerElementFromPoint
FN:94,(anonymous_4)
FNF:4
FNH:4
FNDA:25,_toConsumableArray
FNDA:25,insertElementWithinElement
FNDA:25,textLayerElementFromPoint
FNDA:125,(anonymous_4)
DA:3,12
DA:6,12
DA:8,12
DA:10,25
DA:23,1
DA:24,25
DA:30,25
DA:32,25
DA:33,25
DA:34,13
DA:40,12
DA:42,12
DA:43,12
DA:44,12
DA:45,12
DA:46,12
DA:49,12
DA:50,12
DA:51,12
DA:52,12
DA:54,12
DA:56,278
DA:57,1
DA:58,5
DA:59,5
DA:60,1
DA:66,278
DA:67,278
DA:68,278
DA:69,12
DA:71,266
DA:75,12
DA:76,12
DA:78,12
DA:89,1
DA:90,25
DA:91,25
DA:92,25
DA:93,25
DA:94,25
DA:95,125
LF:41
LH:41
BRDA:10,1,0,0
BRDA:10,1,1,25
BRDA:30,2,0,17
BRDA:30,2,1,8
BRDA:33,3,0,13
BRDA:33,3,1,12
BRDA:40,4,0,5
BRDA:40,4,1,7
BRDA:56,5,0,1
BRDA:56,5,1,277
BRDA:59,6,0,1
BRDA:59,6,1,4
BRDA:68,7,0,12
BRDA:68,7,1,266
BRF:14
BRH:13
end_of_record
TN:
SF:D:\Projects\delk\javascript\pdf-annotate-release.js\src\a11y\renderScreenReaderComments.js
FN:16,_interopRequireDefault
FN:41,renderScreenReaderComments
FN:50,(anonymous_3)
FNF:3
FNH:3
FNDA:24,_interopRequireDefault
FNDA:9,renderScreenReaderComments
FNDA:9,(anonymous_3)
DA:3,12
DA:6,12
DA:8,12
DA:10,12
DA:12,12
DA:14,12
DA:16,24
DA:41,1
DA:42,9
DA:44,9
DA:45,1
DA:47,8
DA:50,9
DA:53,9
DA:54,9
DA:55,1
DA:56,1
DA:57,1
DA:58,1
DA:59,1
LF:20
LH:20
BRDA:16,1,0,24
BRDA:16,1,1,0
BRDA:16,2,0,24
BRDA:16,2,1,24
BRDA:44,3,0,1
BRDA:44,3,1,8
BRDA:54,4,0,1
BRDA:54,4,1,8
BRF:8
BRH:7
end_of_record
TN:
SF:D:\Projects\delk\javascript\pdf-annotate-release.js\src\a11y\insertScreenReaderComment.js
FN:12,insertScreenReaderComment
FNF:1
FNH:1
FNDA:6,insertScreenReaderComment
DA:3,13
DA:6,13
DA:12,1
DA:13,6
DA:14,1
DA:17,5
DA:18,5
DA:19,3
DA:20,3
DA:21,3
DA:22,3
LF:11
LH:11
BRDA:13,1,0,1
BRDA:13,1,1,5
BRDA:18,2,0,3
BRDA:18,2,1,2
BRF:4
BRH:4
end_of_record
TN:
SF:D:\Projects\delk\javascript\pdf-annotate-release.js\src\a11y\initEventHandlers.js
FN:30,_interopRequireDefault
FN:35,initEventHandlers
FN:36,(anonymous_3)
FN:39,(anonymous_4)
FN:54,reorderAnnotationsByType
FN:55,(anonymous_6)
FN:56,(anonymous_7)
FN:59,(anonymous_8)
FN:60,(anonymous_9)
FN:74,removeAnnotation
FN:86,insertComment
FN:91,(anonymous_12)
FN:99,(anonymous_13)
FN:110,removeComment
FN:119,removeElementById
FNF:15
FNH:12
FNDA:60,_interopRequireDefault
FNDA:12,initEventHandlers
FNDA:4,(anonymous_3)
FNDA:3,(anonymous_4)
FNDA:7,reorderAnnotationsByType
FNDA:1,(anonymous_6)
FNDA:0,(anonymous_7)
FNDA:1,(anonymous_8)
FNDA:0,(anonymous_9)
FNDA:1,removeAnnotation
FNDA:1,insertComment
FNDA:1,(anonymous_12)
FNDA:1,(anonymous_13)
FNDA:0,removeComment
FNDA:2,removeElementById
DA:3,12
DA:6,12
DA:8,12
DA:10,12
DA:12,12
DA:14,12
DA:16,12
DA:18,12
DA:20,12
DA:22,12
DA:24,12
DA:26,12
DA:28,12
DA:30,60
DA:35,1
DA:36,12
DA:37,4
DA:39,12
DA:40,3
DA:42,12
DA:43,12
DA:44,12
DA:54,1
DA:55,7
DA:56,1
DA:57,0
DA:60,1
DA:61,0
DA:64,1
DA:74,1
DA:75,1
DA:76,1
DA:86,1
DA:87,1
DA:88,1
DA:90,1
DA:91,1
DA:92,1
DA:93,1
DA:96,0
DA:99,1
DA:100,1
DA:110,1
DA:111,0
DA:119,1
DA:120,2
DA:121,2
DA:122,0
LF:48
LH:43
BRDA:30,1,0,60
BRDA:30,1,1,0
BRDA:30,2,0,60
BRDA:30,2,1,60
BRDA:90,3,0,1
BRDA:90,3,1,0
BRDA:121,4,0,0
BRDA:121,4,1,2
BRF:8
BRH:5
end_of_record
TN:
SF:D:\Projects\delk\javascript\pdf-annotate-release.js\src\UI\index.js
FNF:0
FNH:0
DA:3,12
DA:7,12
DA:9,12
DA:11,12
DA:13,12
DA:15,12
DA:17,12
DA:19,12
DA:21,12
LF:9
LH:9
BRF:0
BRH:0
end_of_record
TN:
SF:D:\Projects\delk\javascript\pdf-annotate-release.js\src\UI\edit.js
FN:7,(anonymous_1)
FN:7,sliceIterator
FN:7,(anonymous_3)
FN:24,_interopRequireDefault
FN:26,_toConsumableArray
FN:42,createEditOverlay
FN:86,(anonymous_7)
FN:91,(anonymous_8)
FN:96,(anonymous_9)
FN:101,(anonymous_10)
FN:109,destroyEditOverlay
FN:126,deleteAnnotation
FN:140,(anonymous_13)
FN:154,handleDocumentClick
FN:175,handleDocumentKeyup
FN:186,handleDocumentMousedown
FN:221,handleDocumentMousemove
FN:246,handleDocumentMouseup
FN:259,getDelta
FN:263,calcDelta
FN:270,(anonymous_21)
FN:272,(anonymous_22)
FN:278,(anonymous_23)
FN:330,(anonymous_24)
FN:349,(anonymous_25)
FN:367,(anonymous_26)
FN:384,handleAnnotationClick
FN:391,enableEdit
FN:403,disableEdit
FNF:29
FNH:26
FNDA:12,(anonymous_1)
FNDA:0,sliceIterator
FNDA:6,(anonymous_3)
FNDA:24,_interopRequireDefault
FNDA:3,_toConsumableArray
FNDA:9,createEditOverlay
FNDA:0,(anonymous_7)
FNDA:0,(anonymous_8)
FNDA:2,(anonymous_9)
FNDA:1,(anonymous_10)
FNDA:22,destroyEditOverlay
FNDA:1,deleteAnnotation
FNDA:1,(anonymous_13)
FNDA:1,handleDocumentClick
FNDA:1,handleDocumentKeyup
FNDA:4,handleDocumentMousedown
FNDA:3,handleDocumentMousemove
FNDA:3,handleDocumentMouseup
FNDA:2,getDelta
FNDA:3,calcDelta
FNDA:3,(anonymous_21)
FNDA:2,(anonymous_22)
FNDA:2,(anonymous_23)
FNDA:1,(anonymous_24)
FNDA:5,(anonymous_25)
FNDA:3,(anonymous_26)
FNDA:9,handleAnnotationClick
FNDA:10,enableEdit
FNDA:11,disableEdit
DA:3,12
DA:7,12
DA:9,12
DA:10,12
DA:12,12
DA:14,12
DA:16,12
DA:18,12
DA:20,12
DA:22,12
DA:24,24
DA:26,3
DA:28,12
DA:29,12
DA:31,12
DA:35,12
DA:42,1
DA:43,9
DA:45,9
DA:46,9
DA:47,9
DA:48,9
DA:49,9
DA:50,9
DA:51,9
DA:53,9
DA:54,9
DA:55,9
DA:56,9
DA:57,9
DA:58,9
DA:59,9
DA:60,9
DA:61,9
DA:62,9
DA:64,9
DA:65,9
DA:66,9
DA:67,9
DA:68,9
DA:69,9
DA:70,9
DA:71,9
DA:72,9
DA:73,9
DA:74,9
DA:75,9
DA:76,9
DA:77,9
DA:78,9
DA:80,9
DA:81,9
DA:82,9
DA:83,9
DA:84,9
DA:85,9
DA:86,9
DA:87,0
DA:88,0
DA:89,0
DA:91,9
DA:92,0
DA:93,0
DA:94,0
DA:96,9
DA:97,2
DA:98,2
DA:101,9
DA:102,1
DA:109,1
DA:110,22
DA:111,9
DA:112,9
DA:115,22
DA:116,22
DA:117,22
DA:118,22
DA:119,22
DA:120,22
DA:126,1
DA:127,1
DA:128,0
DA:131,1
DA:132,1
DA:133,1
DA:135,1
DA:137,1
DA:140,1
DA:141,1
DA:144,1
DA:146,1
DA:154,1
DA:155,1
DA:156,0
DA:160,1
DA:161,1
DA:162,1
DA:163,0
DA:166,1
DA:175,1
DA:176,1
DA:177,1
DA:186,1
DA:187,4
DA:188,0
DA:193,4
DA:194,4
DA:195,4
DA:197,4
DA:198,1
DA:201,3
DA:202,3
DA:203,3
DA:204,3
DA:205,3
DA:207,3
DA:208,3
DA:209,3
DA:211,3
DA:212,3
DA:213,3
DA:221,1
DA:222,3
DA:223,3
DA:224,3
DA:225,3
DA:226,3
DA:227,3
DA:228,3
DA:229,3
DA:230,3
DA:232,3
DA:233,3
DA:236,3
DA:237,3
DA:246,1
DA:247,3
DA:248,3
DA:249,3
DA:250,3
DA:252,3
DA:254,3
DA:257,3
DA:259,1
DA:260,2
DA:263,1
DA:264,3
DA:270,3
DA:271,3
DA:272,2
DA:273,2
DA:275,2
DA:276,2
DA:278,2
DA:279,2
DA:280,2
DA:281,2
DA:283,2
DA:284,1
DA:287,2
DA:288,0
DA:291,2
DA:292,2
DA:293,1
DA:294,1
DA:295,1
DA:298,2
DA:299,2
DA:300,2
DA:302,2
DA:303,0
DA:306,2
DA:307,2
DA:308,1
DA:309,1
DA:310,1
DA:329,1
DA:330,1
DA:331,1
DA:333,1
DA:335,1
DA:336,1
DA:338,1
DA:340,1
DA:341,1
DA:346,1
DA:347,1
DA:349,1
DA:350,5
DA:352,5
DA:353,5
DA:355,5
DA:356,5
DA:359,1
DA:360,1
DA:364,3
DA:367,3
DA:368,3
DA:371,3
DA:372,3
DA:374,3
DA:375,3
DA:376,3
DA:384,1
DA:385,9
DA:391,1
DA:392,10
DA:393,0
DA:396,10
DA:397,10
DA:403,1
DA:404,11
DA:406,11
DA:407,1
DA:410,10
DA:411,10
LF:216
LH:203
BRDA:7,1,0,0
BRDA:7,1,1,0
BRDA:7,2,0,0
BRDA:7,2,1,0
BRDA:7,3,0,0
BRDA:7,3,1,0
BRDA:7,4,0,0
BRDA:7,4,1,0
BRDA:7,5,0,0
BRDA:7,5,1,0
BRDA:7,6,0,6
BRDA:7,6,1,0
BRDA:7,7,0,0
BRDA:7,7,1,0
BRDA:24,8,0,24
BRDA:24,8,1,0
BRDA:24,9,0,24
BRDA:24,9,1,24
BRDA:26,10,0,0
BRDA:26,10,1,3
BRDA:97,11,0,2
BRDA:97,11,1,0
BRDA:110,12,0,9
BRDA:110,12,1,13
BRDA:127,13,0,0
BRDA:127,13,1,1
BRDA:155,14,0,0
BRDA:155,14,1,1
BRDA:161,15,0,1
BRDA:161,15,1,0
BRDA:162,16,0,0
BRDA:162,16,1,1
BRDA:162,17,0,1
BRDA:162,17,1,1
BRDA:176,18,0,1
BRDA:176,18,1,0
BRDA:176,19,0,1
BRDA:176,19,1,1
BRDA:176,19,2,1
BRDA:176,19,3,1
BRDA:187,20,0,0
BRDA:187,20,1,4
BRDA:197,21,0,1
BRDA:197,21,1,3
BRDA:197,22,0,4
BRDA:197,22,1,4
BRDA:232,23,0,3
BRDA:232,23,1,0
BRDA:232,24,0,3
BRDA:232,24,1,3
BRDA:236,25,0,3
BRDA:236,25,1,0
BRDA:236,26,0,3
BRDA:236,26,1,3
BRDA:271,27,0,2
BRDA:271,27,1,1
BRDA:279,28,0,2
BRDA:279,28,1,0
BRDA:283,29,0,1
BRDA:283,29,1,1
BRDA:287,30,0,0
BRDA:287,30,1,2
BRDA:292,31,0,1
BRDA:292,31,1,1
BRDA:294,32,0,1
BRDA:294,32,1,0
BRDA:298,33,0,2
BRDA:298,33,1,0
BRDA:302,34,0,0
BRDA:302,34,1,2
BRDA:307,35,0,1
BRDA:307,35,1,1
BRDA:309,36,0,1
BRDA:309,36,1,0
BRDA:329,37,0,1
BRDA:329,37,1,0
BRDA:392,38,0,0
BRDA:392,38,1,10
BRDA:406,39,0,1
BRDA:406,39,1,10
BRF:80
BRH:48
end_of_record
TN:
SF:D:\Projects\delk\javascript\pdf-annotate-release.js\src\UI\pen.js
FN:20,_interopRequireDefault
FN:31,handleDocumentMousedown
FN:44,handleDocumentMouseup
FN:58,(anonymous_4)
FN:76,handleDocumentMousemove
FN:85,handleDocumentKeyup
FN:101,savePoint
FN:137,setPen
FN:148,enablePen
FN:162,disablePen
FNF:10
FNH:8
FNDA:24,_interopRequireDefault
FNDA:1,handleDocumentMousedown
FNDA:1,handleDocumentMouseup
FNDA:0,(anonymous_4)
FNDA:2,handleDocumentMousemove
FNDA:0,handleDocumentKeyup
FNDA:2,savePoint
FNDA:2,setPen
FNDA:2,enablePen
FNDA:4,disablePen
DA:3,12
DA:6,12
DA:7,12
DA:8,12
DA:10,12
DA:12,12
DA:14,12
DA:16,12
DA:18,12
DA:20,24
DA:22,12
DA:23,12
DA:24,12
DA:25,12
DA:26,12
DA:31,1
DA:32,1
DA:33,1
DA:35,1
DA:36,1
DA:44,1
DA:45,1
DA:46,1
DA:47,1
DA:49,1
DA:50,1
DA:53,1
DA:59,0
DA:60,0
DA:63,0
DA:67,1
DA:68,1
DA:76,1
DA:77,2
DA:85,1
DA:87,0
DA:88,0
DA:89,0
DA:90,0
DA:91,0
DA:101,1
DA:102,2
DA:103,2
DA:104,0
DA:107,2
DA:108,2
DA:113,2
DA:115,2
DA:116,1
DA:119,1
DA:120,0
DA:123,1
DA:137,1
DA:138,2
DA:139,2
DA:141,2
DA:142,2
DA:148,1
DA:149,2
DA:150,0
DA:153,2
DA:154,2
DA:155,2
DA:156,2
DA:162,1
DA:163,4
DA:164,2
DA:167,2
DA:168,2
DA:169,2
DA:170,2
LF:71
LH:60
BRDA:20,1,0,24
BRDA:20,1,1,0
BRDA:20,2,0,24
BRDA:20,2,1,24
BRDA:46,3,0,1
BRDA:46,3,1,0
BRDA:46,4,0,1
BRDA:46,4,1,1
BRDA:59,5,0,0
BRDA:59,5,1,0
BRDA:87,6,0,0
BRDA:87,6,1,0
BRDA:103,7,0,0
BRDA:103,7,1,2
BRDA:115,8,0,1
BRDA:115,8,1,1
BRDA:119,9,0,0
BRDA:119,9,1,1
BRDA:138,10,0,2
BRDA:138,10,1,0
BRDA:138,11,0,2
BRDA:138,11,1,2
BRDA:139,12,0,2
BRDA:139,12,1,0
BRDA:139,13,0,2
BRDA:139,13,1,2
BRDA:149,14,0,0
BRDA:149,14,1,2
BRDA:163,15,0,2
BRDA:163,15,1,2
BRF:30
BRH:19
end_of_record
TN:
SF:D:\Projects\delk\javascript\pdf-annotate-release.js\src\UI\point.js
FN:7,(anonymous_1)
FN:7,(anonymous_2)
FN:22,_interopRequireDefault
FN:32,handleDocumentMouseup
FN:56,handleInputBlur
FN:65,handleInputKeyup
FN:76,savePoint
FN:78,(anonymous_8)
FN:103,(anonymous_9)
FN:119,closeInput
FN:129,enablePoint
FN:141,disablePoint
FNF:12
FNH:9
FNDA:0,(anonymous_1)
FNDA:0,(anonymous_2)
FNDA:24,_interopRequireDefault
FNDA:1,handleDocumentMouseup
FNDA:1,handleInputBlur
FNDA:0,handleInputKeyup
FNDA:1,savePoint
FNDA:1,(anonymous_8)
FNDA:1,(anonymous_9)
FNDA:1,closeInput
FNDA:2,enablePoint
FNDA:4,disablePoint
DA:3,12
DA:7,12
DA:9,12
DA:10,12
DA:12,12
DA:14,12
DA:16,12
DA:18,12
DA:20,12
DA:22,24
DA:24,12
DA:25,12
DA:32,1
DA:33,1
DA:34,0
DA:37,1
DA:38,1
DA:39,1
DA:40,1
DA:41,1
DA:42,1
DA:43,1
DA:44,1
DA:46,1
DA:47,1
DA:49,1
DA:50,1
DA:56,1
DA:57,1
DA:65,1
DA:66,0
DA:67,0
DA:68,0
DA:69,0
DA:76,1
DA:77,1
DA:78,1
DA:79,1
DA:80,1
DA:81,1
DA:82,1
DA:83,1
DA:84,0
DA:89,1
DA:91,1
DA:93,1
DA:94,1
DA:96,1
DA:103,1
DA:104,1
DA:106,1
DA:110,1
DA:113,1
DA:119,1
DA:120,1
DA:121,1
DA:122,1
DA:123,1
DA:129,1
DA:130,2
DA:131,0
DA:134,2
DA:135,2
DA:141,1
DA:142,4
DA:143,2
DA:146,2
DA:147,2
LF:68
LH:61
BRDA:7,1,0,12
BRDA:7,1,1,0
BRDA:7,2,0,12
BRDA:7,2,1,12
BRDA:7,3,0,0
BRDA:7,3,1,0
BRDA:7,4,0,0
BRDA:7,4,1,0
BRDA:7,4,2,0
BRDA:22,5,0,24
BRDA:22,5,1,0
BRDA:22,6,0,24
BRDA:22,6,1,24
BRDA:33,7,0,0
BRDA:33,7,1,1
BRDA:33,8,0,1
BRDA:33,8,1,1
BRDA:66,9,0,0
BRDA:66,9,1,0
BRDA:68,10,0,0
BRDA:68,10,1,0
BRDA:77,11,0,1
BRDA:77,11,1,0
BRDA:83,12,0,0
BRDA:83,12,1,1
BRDA:110,13,0,0
BRDA:110,13,1,1
BRDA:110,14,0,1
BRDA:110,14,1,0
BRDA:130,15,0,0
BRDA:130,15,1,2
BRDA:142,16,0,2
BRDA:142,16,1,2
BRF:33
BRH:16
end_of_record
TN:
SF:D:\Projects\delk\javascript\pdf-annotate-release.js\src\UI\rect.js
FN:19,_interopRequireDefault
FN:21,_toConsumableArray
FN:34,getSelectionRects
FN:53,handleDocumentMousedown
FN:80,handleDocumentMousemove
FN:98,handleDocumentMouseup
FN:102,(anonymous_7)
FN:133,handleDocumentKeyup
FN:153,saveRect
FN:176,(anonymous_10)
FN:189,(anonymous_11)
FN:216,(anonymous_12)
FN:224,enableRect
FN:240,disableRect
FNF:14
FNH:10
FNDA:24,_interopRequireDefault
FNDA:1,_toConsumableArray
FNDA:0,getSelectionRects
FNDA:1,handleDocumentMousedown
FNDA:1,handleDocumentMousemove
FNDA:1,handleDocumentMouseup
FNDA:0,(anonymous_7)
FNDA:0,handleDocumentKeyup
FNDA:1,saveRect
FNDA:1,(anonymous_10)
FNDA:1,(anonymous_11)
FNDA:0,(anonymous_12)
FNDA:2,enableRect
FNDA:4,disableRect
DA:3,12
DA:6,12
DA:7,12
DA:9,12
DA:11,12
DA:13,12
DA:15,12
DA:17,12
DA:19,24
DA:21,1
DA:23,12
DA:24,12
DA:25,12
DA:26,12
DA:27,12
DA:34,1
DA:35,0
DA:36,0
DA:37,0
DA:38,0
DA:40,0
DA:41,0
DA:45,0
DA:53,1
DA:54,1
DA:55,1
DA:56,0
DA:59,1
DA:60,1
DA:61,1
DA:63,1
DA:64,1
DA:65,1
DA:66,1
DA:67,1
DA:68,1
DA:69,1
DA:71,1
DA:72,1
DA:80,1
DA:81,1
DA:82,1
DA:84,1
DA:85,1
DA:88,1
DA:89,1
DA:98,1
DA:99,1
DA:100,1
DA:101,0
DA:102,0
DA:103,0
DA:110,1
DA:111,1
DA:112,1
DA:113,1
DA:120,1
DA:121,1
DA:123,1
DA:124,1
DA:133,1
DA:135,0
DA:136,0
DA:137,0
DA:138,0
DA:139,0
DA:140,0
DA:141,0
DA:153,1
DA:154,1
DA:155,1
DA:156,1
DA:158,1
DA:159,0
DA:162,1
DA:164,1
DA:165,1
DA:166,0
DA:167,1
DA:168,0
DA:173,1
DA:177,1
DA:179,1
DA:180,0
DA:183,1
DA:190,1
DA:195,1
DA:196,0
DA:200,1
DA:201,1
DA:202,1
DA:203,1
DA:204,1
DA:205,1
DA:206,1
DA:209,1
DA:211,1
DA:212,1
DA:216,1
DA:217,0
DA:224,1
DA:225,2
DA:227,2
DA:228,0
DA:231,2
DA:232,2
DA:233,2
DA:234,2
DA:240,1
DA:241,4
DA:242,2
DA:245,2
DA:246,2
DA:247,2
DA:248,2
LF:115
LH:90
BRDA:19,1,0,24
BRDA:19,1,1,0
BRDA:19,2,0,24
BRDA:19,2,1,24
BRDA:21,3,0,1
BRDA:21,3,1,0
BRDA:40,4,0,0
BRDA:40,4,1,0
BRDA:40,5,0,0
BRDA:40,5,1,0
BRDA:40,5,2,0
BRDA:55,6,0,0
BRDA:55,6,1,1
BRDA:55,7,0,1
BRDA:55,7,1,1
BRDA:84,8,0,1
BRDA:84,8,1,0
BRDA:88,9,0,1
BRDA:88,9,1,0
BRDA:100,10,0,0
BRDA:100,10,1,1
BRDA:100,11,0,1
BRDA:100,11,1,0
BRDA:110,12,0,1
BRDA:110,12,1,0
BRDA:110,13,0,1
BRDA:110,13,1,1
BRDA:135,14,0,0
BRDA:135,14,1,0
BRDA:138,15,0,0
BRDA:138,15,1,0
BRDA:138,16,0,0
BRDA:138,16,1,0
BRDA:158,17,0,0
BRDA:158,17,1,1
BRDA:164,18,0,1
BRDA:164,18,1,0
BRDA:165,19,0,0
BRDA:165,19,1,1
BRDA:167,20,0,0
BRDA:167,20,1,1
BRDA:179,21,0,0
BRDA:179,21,1,1
BRDA:190,22,0,1
BRDA:190,22,1,1
BRDA:190,22,2,1
BRDA:190,22,3,1
BRDA:195,23,0,0
BRDA:195,23,1,1
BRDA:200,24,0,1
BRDA:200,24,1,0
BRDA:227,25,0,0
BRDA:227,25,1,2
BRDA:241,26,0,2
BRDA:241,26,1,2
BRF:55
BRH:28
end_of_record
TN:
SF:D:\Projects\delk\javascript\pdf-annotate-release.js\src\UI\text.js
FN:7,(anonymous_1)
FN:7,(anonymous_2)
FN:23,_interopRequireDefault
FN:35,handleDocumentMouseup
FN:60,handleInputBlur
FN:69,handleInputKeyup
FN:80,saveText
FN:82,(anonymous_8)
FN:110,(anonymous_9)
FN:124,closeInput
FN:139,setText
FN:150,enableText
FN:162,disableText
FNF:13
FNH:9
FNDA:0,(anonymous_1)
FNDA:0,(anonymous_2)
FNDA:24,_interopRequireDefault
FNDA:1,handleDocumentMouseup
FNDA:1,handleInputBlur
FNDA:0,handleInputKeyup
FNDA:1,saveText
FNDA:1,(anonymous_8)
FNDA:0,(anonymous_9)
FNDA:1,closeInput
FNDA:2,setText
FNDA:2,enableText
FNDA:4,disableText
DA:3,12
DA:7,12
DA:9,12
DA:10,12
DA:11,12
DA:13,12
DA:15,12
DA:17,12
DA:19,12
DA:21,12
DA:23,24
DA:25,12
DA:26,12
DA:27,12
DA:28,12
DA:35,1
DA:36,1
DA:37,0
DA:40,1
DA:41,1
DA:42,1
DA:43,1
DA:44,1
DA:45,1
DA:46,1
DA:47,1
DA:48,1
DA:50,1
DA:51,1
DA:53,1
DA:54,1
DA:60,1
DA:61,1
DA:69,1
DA:70,0
DA:71,0
DA:72,0
DA:73,0
DA:80,1
DA:81,1
DA:82,1
DA:83,1
DA:84,1
DA:85,1
DA:86,1
DA:87,0
DA:92,1
DA:94,1
DA:95,1
DA:97,1
DA:98,1
DA:110,1
DA:111,0
DA:115,1
DA:118,1
DA:124,1
DA:125,1
DA:126,1
DA:127,1
DA:128,1
DA:129,1
DA:139,1
DA:140,2
DA:141,2
DA:143,2
DA:144,2
DA:150,1
DA:151,2
DA:152,0
DA:155,2
DA:156,2
DA:162,1
DA:163,4
DA:164,2
DA:167,2
DA:168,2
LF:76
LH:68
BRDA:7,1,0,12
BRDA:7,1,1,0
BRDA:7,2,0,12
BRDA:7,2,1,12
BRDA:7,3,0,0
BRDA:7,3,1,0
BRDA:7,4,0,0
BRDA:7,4,1,0
BRDA:7,4,2,0
BRDA:23,5,0,24
BRDA:23,5,1,0
BRDA:23,6,0,24
BRDA:23,6,1,24
BRDA:36,7,0,0
BRDA:36,7,1,1
BRDA:36,8,0,1
BRDA:36,8,1,1
BRDA:70,9,0,0
BRDA:70,9,1,0
BRDA:72,10,0,0
BRDA:72,10,1,0
BRDA:81,11,0,1
BRDA:81,11,1,0
BRDA:86,12,0,0
BRDA:86,12,1,1
BRDA:115,13,0,0
BRDA:115,13,1,1
BRDA:115,14,0,1
BRDA:115,14,1,0
BRDA:125,15,0,1
BRDA:125,15,1,0
BRDA:140,16,0,2
BRDA:140,16,1,0
BRDA:140,17,0,2
BRDA:140,17,1,2
BRDA:141,18,0,2
BRDA:141,18,1,0
BRDA:141,19,0,2
BRDA:141,19,1,2
BRDA:151,20,0,0
BRDA:151,20,1,2
BRDA:163,21,0,2
BRDA:163,21,1,2
BRF:43
BRH:23
end_of_record
TN:
SF:D:\Projects\delk\javascript\pdf-annotate-release.js\src\UI\page.js
FN:7,(anonymous_1)
FN:7,sliceIterator
FN:7,(anonymous_3)
FN:20,_interopRequireDefault
FN:31,createPage
FN:57,renderPage
FN:65,(anonymous_7)
FN:79,(anonymous_8)
FN:82,(anonymous_9)
FN:83,(anonymous_10)
FN:93,(anonymous_11)
FN:103,(anonymous_12)
FN:120,scalePage
FN:158,approximateFraction
FN:203,getOutputScale
FN:214,roundToDivide
FNF:16
FNH:15
FNDA:12,(anonymous_1)
FNDA:0,sliceIterator
FNDA:1,(anonymous_3)
FNDA:24,_interopRequireDefault
FNDA:22,createPage
FNDA:1,renderPage
FNDA:1,(anonymous_7)
FNDA:1,(anonymous_8)
FNDA:1,(anonymous_9)
FNDA:1,(anonymous_10)
FNDA:1,(anonymous_11)
FNDA:1,(anonymous_12)
FNDA:1,scalePage
FNDA:2,approximateFraction
FNDA:1,getOutputScale
FNDA:4,roundToDivide
DA:3,12
DA:7,12
DA:9,12
DA:10,12
DA:12,12
DA:14,12
DA:16,12
DA:18,12
DA:20,24
DA:23,12
DA:31,1
DA:32,22
DA:33,22
DA:35,22
DA:36,22
DA:38,22
DA:39,22
DA:41,22
DA:42,22
DA:44,22
DA:57,1
DA:58,1
DA:59,1
DA:60,1
DA:61,1
DA:65,1
DA:66,1
DA:68,1
DA:69,1
DA:71,1
DA:72,1
DA:73,1
DA:74,1
DA:75,1
DA:76,1
DA:79,1
DA:82,1
DA:83,1
DA:85,1
DA:86,1
DA:87,1
DA:88,1
DA:89,1
DA:93,1
DA:94,1
DA:95,1
DA:96,1
DA:98,0
DA:105,1
DA:107,1
DA:120,1
DA:121,1
DA:122,1
DA:123,1
DA:124,1
DA:125,1
DA:126,1
DA:127,1
DA:128,1
DA:129,1
DA:132,1
DA:133,1
DA:134,1
DA:135,1
DA:136,1
DA:137,1
DA:138,1
DA:139,1
DA:140,1
DA:141,1
DA:142,1
DA:143,1
DA:144,1
DA:145,1
DA:146,1
DA:148,1
DA:158,1
DA:160,2
DA:161,2
DA:164,0
DA:165,0
DA:166,0
DA:167,0
DA:168,0
DA:169,0
DA:172,0
DA:175,0
DA:181,0
DA:183,0
DA:185,0
DA:186,0
DA:188,0
DA:189,0
DA:191,0
DA:196,0
DA:197,0
DA:199,0
DA:203,1
DA:204,1
DA:205,1
DA:206,1
DA:207,1
DA:214,1
DA:215,4
DA:216,4
LF:105
LH:86
BRDA:7,1,0,0
BRDA:7,1,1,0
BRDA:7,2,0,0
BRDA:7,2,1,0
BRDA:7,3,0,0
BRDA:7,3,1,0
BRDA:7,4,0,0
BRDA:7,4,1,0
BRDA:7,5,0,0
BRDA:7,5,1,0
BRDA:7,6,0,1
BRDA:7,6,1,0
BRDA:7,7,0,0
BRDA:7,7,1,0
BRDA:20,8,0,24
BRDA:20,8,1,0
BRDA:20,9,0,24
BRDA:20,9,1,24
BRDA:127,10,0,1
BRDA:127,10,1,0
BRDA:160,11,0,2
BRDA:160,11,1,0
BRDA:166,12,0,0
BRDA:166,12,1,0
BRDA:168,13,0,0
BRDA:168,13,1,0
BRDA:172,14,0,0
BRDA:172,14,1,0
BRDA:185,15,0,0
BRDA:185,15,1,0
BRDA:188,16,0,0
BRDA:188,16,1,0
BRDA:196,17,0,0
BRDA:196,17,1,0
BRDA:197,18,0,0
BRDA:197,18,1,0
BRDA:199,19,0,0
BRDA:199,19,1,0
BRDA:204,20,0,1
BRDA:204,20,1,0
BRDA:205,21,0,1
BRDA:205,21,1,1
BRDA:205,21,2,1
BRDA:205,21,3,1
BRDA:205,21,4,1
BRDA:205,21,5,1
BRDA:216,22,0,4
BRDA:216,22,1,0
BRF:48
BRH:14
end_of_record
